<?xml version="1.0" encoding="UTF-8"?>
<!-- Generated by org.testng.reporters.JUnitReportReporter -->
<testsuite hostname="TTNPL-MdArsh" failures="0" tests="1" name="AmazonTest.AmazonTest.HomePage" time="5.915" errors="0" timestamp="2023-03-26T11:49:23 IST" skipped="0">
  <testcase classname="AmazonTest.AmazonTest.HomePage" name="checklogo" time="5.915"/>
  <system-out/>
</testsuite> <!-- AmazonTest.AmazonTest.HomePage -->
